Arguments: 
  C:\Program Files\nodejs\node.exe C:\Program Files\Yarn\bin\yarn.js

PATH: 
  C:\Program Files\ConEmu\ConEmu\Scripts;C:\Program Files\ConEmu\ConEmu;C:\Python27\;C:\Python27\Scripts;C:\Python36\Scripts\;C:\Python36\;C:\OCaml\bin;C:\Users\daniiltserin\AppData\Local\Programs\Python\Python35-32\Lib\site-packages\PyQt5;C:\Program Files\Haskell\bin;C:\Program Files\Haskell Platform\8.0.1\lib\extralibs\bin;C:\Program Files\Haskell Platform\8.0.1\bin;C:\Program Files\Embarcadero\Studio\18.0\bin;C:\Users\Public\Documents\Embarcadero\Studio\18.0\Bpl;C:\Program Files\Embarcadero\Studio\18.0\bin64;C:\Users\Public\Documents\Embarcadero\Studio\18.0\Bpl\Win64;C:\Program Files\NVIDIA Corporation\PhysX\Common;C:\ProgramData\Oracle\Java\javapath;C:\Windows\system32;C:\Windows;C:\Windows\System32\Wbem;C:\Windows\System32\WindowsPowerShell\v1.0\;C:\Program Files\Git\cmd;C:\gradle-3.1\bin;C:\Program Files\Skype\Phone\;C:\Program Files\CMake\bin;C:\Program Files\Heroku\bin;C:\Program Files\PuTTY\;C:\MinGW\bin;C:\Users\daniiltserin\.dnx\bin;C:\Program Files\Microsoft DNX\Dnvm\;C:\Program Files\Windows Kits\8.1\Windows Performance Toolkit\;C:\Program Files\Microsoft SQL Server\120\Tools\Binn\;C:\ProgramData\chocolatey\bin;C:\Program Files\Brackets\command;C:\Program Files\Haskell Platform\8.0.1\mingw\bin;C:\Go\bin;C:\Program Files\erl8.2\bin;C:\Program Files\Elixir\bin;C:\Users\daniiltserin\.mix\escripts;C:\Program Files\Git LFS;C:\Program Files\GTK2-Runtime\bin;C:\Program Files\Yarn\bin;C:\Program Files\Subversion\bin;C:\Users\daniiltserin\workspace\gowork\bin;C:\HashiCorp\Vagrant\bin;C:\Program Files\ONLYOFFICE\DesktopEditors\converter;C:\Program Files\nodejs\;C:\Users\daniiltserin\Desktop\cocos2d-x-3.15.1\templates;C:\Users\daniiltserin\Desktop\cocos2d-x-3.15.1\tools\cocos2d-console\bin;C:\Users\daniiltserin\AppData\Local\Programs\Python\Python35-32\Scripts\;C:\Users\daniiltserin\AppData\Local\Programs\Python\Python35-32\;C:\Users\daniiltserin\AppData\Roaming\cabal\bin;C:\Users\daniiltserin\AppData\Roaming\local\bin;C:\Ruby23\bin;C:\Program Files\Google\Chrome\Application;C:\Program Files\NetBeans 8.2\bin;C:\Program Files\ConEmu;C:\Users\daniiltserin\Documents\progs\phantomjs-2.1.1-windows\bin;C:\Program Files\LinkChecker;C:\Program Files\GnuWin32\bin;C:\xampp\php;C:\Program Files\MongoDB\Server\3.2\bin;C:\Users\daniiltserin\Documents\progs\license;C:\Users\daniiltserin\Documents\progs\some;C:\Program Files\Git\usr\bin;C:\Users\daniiltserin\AppData\Local\Android\Sdk\platform-tools;C:\Users\daniiltserin\AppData\Local\Android\Sdk\tools;C:\Program Files\Sublime Text 3;C:\MinGW\libexec\gcc\mingw32\5.3.0;C:\Users\daniiltserin\AppData\Local\Yarn\.bin;C:\Users\daniiltserin\AppData\Roaming\npm;C:\Program Files\Microsoft VS Code\bin

Yarn version: 
  0.22.0

Node version: 
  6.11.0

Platform: 
  win32 ia32

npm manifest: 
  {
    "private": true,
    "scripts": {
      "prod": "gulp --production",
      "dev": "gulp watch"
    },
    "devDependencies": {
      "bootstrap-sass": "^3.3.7",
      "gulp": "^3.9.1",
      "jquery": "^3.1.0",
      "laravel-elixir": "^6.0.0-14",
      "laravel-elixir-vue-2": "^0.2.0",
      "laravel-elixir-webpack-official": "^1.0.2",
      "lodash": "^4.16.2",
      "vue": "^2.0.1",
      "vue-resource": "^1.0.3"
    }
  }

yarn manifest: 
  No manifest

Lockfile: 
  No lockfile

Trace: 
  Error: connect ETIMEDOUT 104.16.60.173:443
      at Object.exports._errnoException (util.js:1018:11)
      at exports._exceptionWithHostPort (util.js:1041:20)
      at TCPConnectWrap.afterConnect [as oncomplete] (net.js:1086:14)
